0 info it worked if it ends with ok
1 verbose cli [ '/Users/joshholladay/.nvm/versions/node/v6.10.0/bin/node',
1 verbose cli   '/Users/joshholladay/.nvm/versions/node/v6.10.0/bin/npm',
1 verbose cli   'start' ]
2 info using npm@3.10.10
3 info using node@v6.10.0
4 verbose run-script [ 'prestart', 'start', 'poststart' ]
5 info lifecycle todo@0.1.0~prestart: todo@0.1.0
6 silly lifecycle todo@0.1.0~prestart: no script for prestart, continuing
7 info lifecycle todo@0.1.0~start: todo@0.1.0
8 verbose lifecycle todo@0.1.0~start: unsafe-perm in lifecycle true
9 verbose lifecycle todo@0.1.0~start: PATH: /Users/joshholladay/.nvm/versions/node/v6.10.0/lib/node_modules/npm/bin/node-gyp-bin:/Users/joshholladay/pro/node_modules/.bin:/Users/joshholladay/.nvm/versions/node/v6.10.0/bin:/usr/local/bin:/usr/bin:/bin:/usr/sbin:/sbin:/opt/X11/bin
10 verbose lifecycle todo@0.1.0~start: CWD: /Users/joshholladay/pro
11 silly lifecycle todo@0.1.0~start: Args: [ '-c', 'react-scripts start' ]
12 info lifecycle todo@0.1.0~start: Failed to exec start script
13 verbose stack Error: todo@0.1.0 start: `react-scripts start`
13 verbose stack spawn ENOENT
13 verbose stack     at ChildProcess.<anonymous> (/Users/joshholladay/.nvm/versions/node/v6.10.0/lib/node_modules/npm/lib/utils/spawn.js:33:16)
13 verbose stack     at emitTwo (events.js:106:13)
13 verbose stack     at ChildProcess.emit (events.js:191:7)
13 verbose stack     at maybeClose (internal/child_process.js:877:16)
13 verbose stack     at Process.ChildProcess._handle.onexit (internal/child_process.js:226:5)
14 verbose pkgid todo@0.1.0
15 verbose cwd /Users/joshholladay/pro/joshholladay-portfolio
16 error Darwin 16.1.0
17 error argv "/Users/joshholladay/.nvm/versions/node/v6.10.0/bin/node" "/Users/joshholladay/.nvm/versions/node/v6.10.0/bin/npm" "start"
18 error node v6.10.0
19 error npm  v3.10.10
20 error file sh
21 error code ELIFECYCLE
22 error errno ENOENT
23 error syscall spawn
24 error todo@0.1.0 start: `react-scripts start`
24 error spawn ENOENT
25 error Failed at the todo@0.1.0 start script 'react-scripts start'.
25 error Make sure you have the latest version of node.js and npm installed.
25 error If you do, this is most likely a problem with the todo package,
25 error not with npm itself.
25 error Tell the author that this fails on your system:
25 error     react-scripts start
25 error You can get information on how to open an issue for this project with:
25 error     npm bugs todo
25 error Or if that isn't available, you can get their info via:
25 error     npm owner ls todo
25 error There is likely additional logging output above.
26 verbose exit [ 1, true ]
